{"/home/caio/WebAcademy/FundTesteSoftware/src/utils/validations.js": {"path":"/home/caio/WebAcademy/FundTesteSoftware/src/utils/validations.js","statementMap":{"0":{"start":{"line":8,"column":21},"end":{"line":8,"column":42}},"1":{"start":{"line":10,"column":2},"end":{"line":11,"column":44}},"2":{"start":{"line":10,"column":25},"end":{"line":10,"column":41}},"3":{"start":{"line":11,"column":7},"end":{"line":11,"column":44}},"4":{"start":{"line":23,"column":16},"end":{"line":29,"column":3}},"5":{"start":{"line":31,"column":25},"end":{"line":31,"column":43}},"6":{"start":{"line":32,"column":2},"end":{"line":33,"column":20}},"7":{"start":{"line":32,"column":29},"end":{"line":32,"column":41}},"8":{"start":{"line":33,"column":7},"end":{"line":33,"column":20}},"9":{"start":{"line":51,"column":14},"end":{"line":51,"column":15}},"10":{"start":{"line":53,"column":2},"end":{"line":62,"column":3}},"11":{"start":{"line":54,"column":4},"end":{"line":59,"column":5}},"12":{"start":{"line":58,"column":6},"end":{"line":58,"column":69}},"13":{"start":{"line":61,"column":4},"end":{"line":61,"column":46}},"14":{"start":{"line":64,"column":2},"end":{"line":64,"column":15}},"15":{"start":{"line":67,"column":0},"end":{"line":67,"column":77}}},"fnMap":{"0":{"name":"firstName","decl":{"start":{"line":7,"column":9},"end":{"line":7,"column":18}},"loc":{"start":{"line":7,"column":29},"end":{"line":12,"column":1}},"line":7},"1":{"name":"verifyStockAvailability","decl":{"start":{"line":22,"column":9},"end":{"line":22,"column":32}},"loc":{"start":{"line":22,"column":51},"end":{"line":34,"column":1}},"line":22},"2":{"name":"calculateTotalPrice","decl":{"start":{"line":50,"column":9},"end":{"line":50,"column":28}},"loc":{"start":{"line":50,"column":39},"end":{"line":65,"column":1}},"line":50}},"branchMap":{"0":{"loc":{"start":{"line":10,"column":2},"end":{"line":11,"column":44}},"type":"if","locations":[{"start":{"line":10,"column":2},"end":{"line":11,"column":44}},{"start":{"line":11,"column":7},"end":{"line":11,"column":44}}],"line":10},"1":{"loc":{"start":{"line":32,"column":2},"end":{"line":33,"column":20}},"type":"if","locations":[{"start":{"line":32,"column":2},"end":{"line":33,"column":20}},{"start":{"line":33,"column":7},"end":{"line":33,"column":20}}],"line":32},"2":{"loc":{"start":{"line":54,"column":4},"end":{"line":59,"column":5}},"type":"if","locations":[{"start":{"line":54,"column":4},"end":{"line":59,"column":5}},{"start":{},"end":{}}],"line":54},"3":{"loc":{"start":{"line":55,"column":6},"end":{"line":56,"column":42}},"type":"binary-expr","locations":[{"start":{"line":55,"column":6},"end":{"line":55,"column":39}},{"start":{"line":56,"column":6},"end":{"line":56,"column":42}}],"line":55}},"s":{"0":4,"1":3,"2":2,"3":1,"4":4,"5":4,"6":4,"7":2,"8":2,"9":3,"10":3,"11":4,"12":1,"13":3,"14":2,"15":3},"f":{"0":4,"1":4,"2":3},"b":{"0":[2,1],"1":[2,2],"2":[1,3],"3":[4,3]},"_coverageSchema":"1a1c01bbd47fc00a2c39e90264f33305004495a9","hash":"9db991f87a2326888a0cca7bccaa9136818d9831"}
}
