<?xml version="1.0" encoding="UTF-8"?>
<coverage generated="1717039960173" clover="3.2.0">
  <project timestamp="1717039960173" name="All files">
    <metrics statements="14" coveredstatements="14" conditionals="8" coveredconditionals="8" methods="3" coveredmethods="3" elements="25" coveredelements="25" complexity="0" loc="14" ncloc="14" packages="1" files="1" classes="1"/>
    <file name="validations.js" path="/home/caio/WebAcademy/FundTesteSoftware/TP1/src/utils/validations.js">
      <metrics statements="14" coveredstatements="14" conditionals="8" coveredconditionals="8" methods="3" coveredmethods="3"/>
      <line num="8" count="4" type="stmt"/>
      <line num="10" count="3" type="cond" truecount="2" falsecount="0"/>
      <line num="11" count="1" type="stmt"/>
      <line num="23" count="4" type="stmt"/>
      <line num="31" count="4" type="stmt"/>
      <line num="32" count="4" type="cond" truecount="2" falsecount="0"/>
      <line num="33" count="2" type="stmt"/>
      <line num="51" count="3" type="stmt"/>
      <line num="53" count="3" type="stmt"/>
      <line num="54" count="4" type="cond" truecount="2" falsecount="0"/>
      <line num="58" count="1" type="stmt"/>
      <line num="61" count="3" type="stmt"/>
      <line num="64" count="2" type="stmt"/>
      <line num="67" count="3" type="stmt"/>
    </file>
  </project>
</coverage>
