<?xml version="1.0" encoding="UTF-8"?>
<coverage generated="1717119798457" clover="3.2.0">
  <project timestamp="1717119798457" name="All files">
    <metrics statements="22" coveredstatements="22" conditionals="24" coveredconditionals="24" methods="3" coveredmethods="3" elements="49" coveredelements="49" complexity="0" loc="22" ncloc="22" packages="1" files="1" classes="1"/>
    <file name="validations.js" path="/home/caio/WebAcademy/FundTesteSoftware/TP1/src/utils/validations.js">
      <metrics statements="22" coveredstatements="22" conditionals="24" coveredconditionals="24" methods="3" coveredmethods="3"/>
      <line num="8" count="5" type="cond" truecount="4" falsecount="0"/>
      <line num="9" count="2" type="stmt"/>
      <line num="12" count="3" type="stmt"/>
      <line num="14" count="3" type="cond" truecount="2" falsecount="0"/>
      <line num="15" count="1" type="stmt"/>
      <line num="27" count="8" type="cond" truecount="2" falsecount="0"/>
      <line num="33" count="2" type="stmt"/>
      <line num="36" count="6" type="cond" truecount="2" falsecount="0"/>
      <line num="37" count="2" type="stmt"/>
      <line num="40" count="4" type="stmt"/>
      <line num="48" count="4" type="stmt"/>
      <line num="49" count="4" type="cond" truecount="2" falsecount="0"/>
      <line num="50" count="2" type="stmt"/>
      <line num="68" count="6" type="cond" truecount="4" falsecount="0"/>
      <line num="69" count="2" type="stmt"/>
      <line num="72" count="4" type="stmt"/>
      <line num="74" count="4" type="stmt"/>
      <line num="75" count="5" type="cond" truecount="2" falsecount="0"/>
      <line num="79" count="2" type="stmt"/>
      <line num="82" count="3" type="stmt"/>
      <line num="85" count="2" type="stmt"/>
      <line num="88" count="3" type="stmt"/>
    </file>
  </project>
</coverage>
