{"/home/caio/WebAcademy/FundTesteSoftware/TP1/src/utils/validations.js": {"path":"/home/caio/WebAcademy/FundTesteSoftware/TP1/src/utils/validations.js","statementMap":{"0":{"start":{"line":8,"column":2},"end":{"line":10,"column":3}},"1":{"start":{"line":9,"column":4},"end":{"line":9,"column":57}},"2":{"start":{"line":12,"column":21},"end":{"line":12,"column":42}},"3":{"start":{"line":14,"column":2},"end":{"line":15,"column":44}},"4":{"start":{"line":14,"column":25},"end":{"line":14,"column":41}},"5":{"start":{"line":15,"column":7},"end":{"line":15,"column":44}},"6":{"start":{"line":27,"column":2},"end":{"line":34,"column":3}},"7":{"start":{"line":33,"column":4},"end":{"line":33,"column":57}},"8":{"start":{"line":36,"column":2},"end":{"line":38,"column":3}},"9":{"start":{"line":37,"column":4},"end":{"line":37,"column":17}},"10":{"start":{"line":40,"column":16},"end":{"line":46,"column":3}},"11":{"start":{"line":48,"column":25},"end":{"line":48,"column":43}},"12":{"start":{"line":49,"column":2},"end":{"line":50,"column":20}},"13":{"start":{"line":49,"column":29},"end":{"line":49,"column":41}},"14":{"start":{"line":50,"column":7},"end":{"line":50,"column":20}},"15":{"start":{"line":68,"column":2},"end":{"line":70,"column":3}},"16":{"start":{"line":69,"column":4},"end":{"line":69,"column":57}},"17":{"start":{"line":72,"column":14},"end":{"line":72,"column":15}},"18":{"start":{"line":74,"column":2},"end":{"line":83,"column":3}},"19":{"start":{"line":75,"column":4},"end":{"line":80,"column":5}},"20":{"start":{"line":79,"column":6},"end":{"line":79,"column":69}},"21":{"start":{"line":82,"column":4},"end":{"line":82,"column":46}},"22":{"start":{"line":85,"column":2},"end":{"line":85,"column":15}},"23":{"start":{"line":88,"column":0},"end":{"line":88,"column":77}}},"fnMap":{"0":{"name":"firstName","decl":{"start":{"line":7,"column":9},"end":{"line":7,"column":18}},"loc":{"start":{"line":7,"column":29},"end":{"line":16,"column":1}},"line":7},"1":{"name":"verifyStockAvailability","decl":{"start":{"line":26,"column":9},"end":{"line":26,"column":32}},"loc":{"start":{"line":26,"column":51},"end":{"line":51,"column":1}},"line":26},"2":{"name":"calculateTotalPrice","decl":{"start":{"line":67,"column":9},"end":{"line":67,"column":28}},"loc":{"start":{"line":67,"column":39},"end":{"line":86,"column":1}},"line":67}},"branchMap":{"0":{"loc":{"start":{"line":8,"column":2},"end":{"line":10,"column":3}},"type":"if","locations":[{"start":{"line":8,"column":2},"end":{"line":10,"column":3}},{"start":{},"end":{}}],"line":8},"1":{"loc":{"start":{"line":8,"column":6},"end":{"line":8,"column":49}},"type":"binary-expr","locations":[{"start":{"line":8,"column":6},"end":{"line":8,"column":23}},{"start":{"line":8,"column":27},"end":{"line":8,"column":49}}],"line":8},"2":{"loc":{"start":{"line":14,"column":2},"end":{"line":15,"column":44}},"type":"if","locations":[{"start":{"line":14,"column":2},"end":{"line":15,"column":44}},{"start":{"line":15,"column":7},"end":{"line":15,"column":44}}],"line":14},"3":{"loc":{"start":{"line":27,"column":2},"end":{"line":34,"column":3}},"type":"if","locations":[{"start":{"line":27,"column":2},"end":{"line":34,"column":3}},{"start":{},"end":{}}],"line":27},"4":{"loc":{"start":{"line":28,"column":4},"end":{"line":31,"column":21}},"type":"binary-expr","locations":[{"start":{"line":28,"column":4},"end":{"line":28,"column":24}},{"start":{"line":29,"column":4},"end":{"line":29,"column":29}},{"start":{"line":30,"column":4},"end":{"line":30,"column":16}},{"start":{"line":31,"column":4},"end":{"line":31,"column":21}}],"line":28},"5":{"loc":{"start":{"line":36,"column":2},"end":{"line":38,"column":3}},"type":"if","locations":[{"start":{"line":36,"column":2},"end":{"line":38,"column":3}},{"start":{},"end":{}}],"line":36},"6":{"loc":{"start":{"line":49,"column":2},"end":{"line":50,"column":20}},"type":"if","locations":[{"start":{"line":49,"column":2},"end":{"line":50,"column":20}},{"start":{"line":50,"column":7},"end":{"line":50,"column":20}}],"line":49},"7":{"loc":{"start":{"line":68,"column":2},"end":{"line":70,"column":3}},"type":"if","locations":[{"start":{"line":68,"column":2},"end":{"line":70,"column":3}},{"start":{},"end":{}}],"line":68},"8":{"loc":{"start":{"line":68,"column":6},"end":{"line":68,"column":49}},"type":"binary-expr","locations":[{"start":{"line":68,"column":6},"end":{"line":68,"column":23}},{"start":{"line":68,"column":27},"end":{"line":68,"column":49}}],"line":68},"9":{"loc":{"start":{"line":75,"column":4},"end":{"line":80,"column":5}},"type":"if","locations":[{"start":{"line":75,"column":4},"end":{"line":80,"column":5}},{"start":{},"end":{}}],"line":75},"10":{"loc":{"start":{"line":76,"column":6},"end":{"line":77,"column":42}},"type":"binary-expr","locations":[{"start":{"line":76,"column":6},"end":{"line":76,"column":39}},{"start":{"line":77,"column":6},"end":{"line":77,"column":42}}],"line":76}},"s":{"0":5,"1":2,"2":3,"3":3,"4":2,"5":1,"6":8,"7":2,"8":6,"9":2,"10":4,"11":4,"12":4,"13":2,"14":2,"15":6,"16":2,"17":4,"18":4,"19":5,"20":2,"21":3,"22":2,"23":3},"f":{"0":5,"1":8,"2":6},"b":{"0":[2,3],"1":[5,4],"2":[2,1],"3":[2,6],"4":[8,7,7,7],"5":[2,4],"6":[2,2],"7":[2,4],"8":[6,5],"9":[2,3],"10":[5,3]},"_coverageSchema":"1a1c01bbd47fc00a2c39e90264f33305004495a9","hash":"511c823f8b4793d98ac3273f4cae02b7e6526b38"}
}
