TN:
SF:src/utils/validations.js
FN:7,firstName
FN:26,verifyStockAvailability
FN:67,calculateTotalPrice
FNF:3
FNH:3
FNDA:5,firstName
FNDA:8,verifyStockAvailability
FNDA:6,calculateTotalPrice
DA:8,5
DA:9,2
DA:12,3
DA:14,3
DA:15,1
DA:27,8
DA:33,2
DA:36,6
DA:37,2
DA:40,4
DA:48,4
DA:49,4
DA:50,2
DA:68,6
DA:69,2
DA:72,4
DA:74,4
DA:75,5
DA:79,2
DA:82,3
DA:85,2
DA:88,3
LF:22
LH:22
BRDA:8,0,0,2
BRDA:8,0,1,3
BRDA:8,1,0,5
BRDA:8,1,1,4
BRDA:14,2,0,2
BRDA:14,2,1,1
BRDA:27,3,0,2
BRDA:27,3,1,6
BRDA:28,4,0,8
BRDA:28,4,1,7
BRDA:28,4,2,7
BRDA:28,4,3,7
BRDA:36,5,0,2
BRDA:36,5,1,4
BRDA:49,6,0,2
BRDA:49,6,1,2
BRDA:68,7,0,2
BRDA:68,7,1,4
BRDA:68,8,0,6
BRDA:68,8,1,5
BRDA:75,9,0,2
BRDA:75,9,1,3
BRDA:76,10,0,5
BRDA:76,10,1,3
BRF:24
BRH:24
end_of_record
